build/app/intermediates/manifest_merge_blame_file/release/manifest-merger-blame-release-report.txt
1<?xml version="1.0" encoding="utf-8"?>
2<manifest xmlns:android="http://schemas.android.com/apk/res/android"
3    package="com.spoticharge.google_map_flutter"
4    android:versionCode="5"
5    android:versionName="1.0.0" >
6
7    <uses-sdk
8        android:minSdkVersion="21"
8-->src/main/AndroidManifest.xml
9        android:targetSdkVersion="31" />
9-->src/main/AndroidManifest.xml
10
11    <uses-permission android:name="android.permission.ACCESS_FINE_LOCATION" />
11-->src/main/AndroidManifest.xml:3:5-79
11-->src/main/AndroidManifest.xml:3:22-76
12    <uses-permission android:name="android.permission.ACCESS_COARSE_LOCATION" />
12-->src/main/AndroidManifest.xml:4:5-81
12-->src/main/AndroidManifest.xml:4:22-78
13    <uses-permission android:name="android.permission.FOREGROUND_SERVICE" />
13-->[:geolocator_android] AndroidManifest.xml:7:5-77
13-->[:geolocator_android] AndroidManifest.xml:7:22-74
14    <uses-permission android:name="android.permission.ACCESS_NETWORK_STATE" />
14-->[:connectivity_plus] AndroidManifest.xml:7:5-79
14-->[:connectivity_plus] AndroidManifest.xml:7:22-76
15    <uses-permission android:name="android.permission.INTERNET" />
15-->[com.amplifyframework:core:1.32.1] AndroidManifest.xml:24:5-67
15-->[com.amplifyframework:core:1.32.1] AndroidManifest.xml:24:22-64
16
17    <uses-feature
17-->[com.google.android.gms:play-services-maps:17.0.0] AndroidManifest.xml:26:5-28:35
18        android:glEsVersion="0x00020000"
18-->[com.google.android.gms:play-services-maps:17.0.0] AndroidManifest.xml:27:9-41
19        android:required="true" />
19-->[com.google.android.gms:play-services-maps:17.0.0] AndroidManifest.xml:28:9-32
20
21    <application
22        android:name="android.app.Application"
22-->src/main/AndroidManifest.xml:8:9-42
23        android:appComponentFactory="androidx.core.app.CoreComponentFactory"
23-->[androidx.core:core:1.6.0] AndroidManifest.xml:24:18-86
24        android:icon="@mipmap/launcher_icon"
24-->src/main/AndroidManifest.xml:9:9-45
25        android:label="SpotiCharge" >
25-->src/main/AndroidManifest.xml:7:9-36
26        <activity
26-->src/main/AndroidManifest.xml:10:9-30:20
27            android:name="com.spoticharge.google_map_flutter.MainActivity"
27-->src/main/AndroidManifest.xml:11:13-41
28            android:configChanges="orientation|keyboardHidden|keyboard|screenSize|smallestScreenSize|locale|layoutDirection|fontScale|screenLayout|density|uiMode"
28-->src/main/AndroidManifest.xml:15:13-163
29            android:exported="true"
29-->src/main/AndroidManifest.xml:12:13-36
30            android:hardwareAccelerated="true"
30-->src/main/AndroidManifest.xml:16:13-47
31            android:launchMode="singleTop"
31-->src/main/AndroidManifest.xml:13:13-43
32            android:theme="@style/LaunchTheme"
32-->src/main/AndroidManifest.xml:14:13-47
33            android:windowSoftInputMode="adjustResize" >
33-->src/main/AndroidManifest.xml:17:13-55
34
35            <!--
36                 Specifies an Android theme to apply to this Activity as soon as
37                 the Android process has started. This theme is visible to the user
38                 while the Flutter UI initializes. After that, this theme continues
39                 to determine the Window background behind the Flutter UI.
40            -->
41            <meta-data
41-->src/main/AndroidManifest.xml:22:13-25:17
42                android:name="io.flutter.embedding.android.NormalTheme"
42-->src/main/AndroidManifest.xml:23:15-70
43                android:resource="@style/NormalTheme" />
43-->src/main/AndroidManifest.xml:24:15-52
44
45            <intent-filter>
45-->src/main/AndroidManifest.xml:26:13-29:29
46                <action android:name="android.intent.action.MAIN" />
46-->src/main/AndroidManifest.xml:27:17-68
46-->src/main/AndroidManifest.xml:27:25-66
47
48                <category android:name="android.intent.category.LAUNCHER" />
48-->src/main/AndroidManifest.xml:28:17-76
48-->src/main/AndroidManifest.xml:28:27-74
49            </intent-filter>
50        </activity>
51        <!--
52             Don't delete the meta-data below.
53             This is used by the Flutter tool to generate GeneratedPluginRegistrant.java
54        -->
55        <meta-data
55-->src/main/AndroidManifest.xml:33:9-35:33
56            android:name="flutterEmbedding"
56-->src/main/AndroidManifest.xml:34:13-44
57            android:value="2" />
57-->src/main/AndroidManifest.xml:35:13-30
58        <meta-data
58-->src/main/AndroidManifest.xml:36:8-38:69
59            android:name="com.google.android.geo.API_KEY"
59-->src/main/AndroidManifest.xml:37:12-57
60            android:value="AIzaSyBAaamLNznjZApzbu038_LxbysOumdDHVM" />
60-->src/main/AndroidManifest.xml:38:12-67
61
62        <service
62-->[:geolocator_android] AndroidManifest.xml:10:9-14:56
63            android:name="com.baseflow.geolocator.GeolocatorLocationService"
63-->[:geolocator_android] AndroidManifest.xml:11:13-77
64            android:enabled="true"
64-->[:geolocator_android] AndroidManifest.xml:12:13-35
65            android:exported="false"
65-->[:geolocator_android] AndroidManifest.xml:13:13-37
66            android:foregroundServiceType="location" />
66-->[:geolocator_android] AndroidManifest.xml:14:13-53
67
68        <activity
68-->[com.amplifyframework:core:1.32.1] AndroidManifest.xml:27:9-29:54
69            android:name="com.amplifyframework.devmenu.DeveloperMenuActivity"
69-->[com.amplifyframework:core:1.32.1] AndroidManifest.xml:28:13-78
70            android:theme="@style/OverlayActivity" />
70-->[com.amplifyframework:core:1.32.1] AndroidManifest.xml:29:13-51
71
72        <uses-library
72-->[androidx.window:window:1.0.0-beta04] AndroidManifest.xml:25:9-27:40
73            android:name="androidx.window.extensions"
73-->[androidx.window:window:1.0.0-beta04] AndroidManifest.xml:26:13-54
74            android:required="false" />
74-->[androidx.window:window:1.0.0-beta04] AndroidManifest.xml:27:13-37
75        <uses-library
75-->[androidx.window:window:1.0.0-beta04] AndroidManifest.xml:28:9-30:40
76            android:name="androidx.window.sidecar"
76-->[androidx.window:window:1.0.0-beta04] AndroidManifest.xml:29:13-51
77            android:required="false" /> <!-- Needs to be explicitly declared on P+ -->
77-->[androidx.window:window:1.0.0-beta04] AndroidManifest.xml:30:13-37
78        <uses-library
78-->[com.google.android.gms:play-services-maps:17.0.0] AndroidManifest.xml:33:9-35:40
79            android:name="org.apache.http.legacy"
79-->[com.google.android.gms:play-services-maps:17.0.0] AndroidManifest.xml:34:13-50
80            android:required="false" />
80-->[com.google.android.gms:play-services-maps:17.0.0] AndroidManifest.xml:35:13-37
81
82        <service android:name="com.google.firebase.components.ComponentDiscoveryService" >
82-->[com.google.firebase:firebase-database:17.0.0] AndroidManifest.xml:29:9-33:19
82-->[com.google.firebase:firebase-database:17.0.0] AndroidManifest.xml:29:18-89
83            <meta-data
83-->[com.google.firebase:firebase-database:17.0.0] AndroidManifest.xml:30:13-32:85
84                android:name="com.google.firebase.components:com.google.firebase.database.DatabaseRegistrar"
84-->[com.google.firebase:firebase-database:17.0.0] AndroidManifest.xml:31:17-109
85                android:value="com.google.firebase.components.ComponentRegistrar" />
85-->[com.google.firebase:firebase-database:17.0.0] AndroidManifest.xml:32:17-82
86        </service>
87
88        <activity
88-->[com.google.android.gms:play-services-base:17.0.0] AndroidManifest.xml:23:9-26:75
89            android:name="com.google.android.gms.common.api.GoogleApiActivity"
89-->[com.google.android.gms:play-services-base:17.0.0] AndroidManifest.xml:24:13-79
90            android:exported="false"
90-->[com.google.android.gms:play-services-base:17.0.0] AndroidManifest.xml:25:13-37
91            android:theme="@android:style/Theme.Translucent.NoTitleBar" />
91-->[com.google.android.gms:play-services-base:17.0.0] AndroidManifest.xml:26:13-72
92
93        <provider
93-->[com.google.firebase:firebase-common:17.0.0] AndroidManifest.xml:12:9-16:39
94            android:name="com.google.firebase.provider.FirebaseInitProvider"
94-->[com.google.firebase:firebase-common:17.0.0] AndroidManifest.xml:13:13-77
95            android:authorities="com.spoticharge.google_map_flutter.firebaseinitprovider"
95-->[com.google.firebase:firebase-common:17.0.0] AndroidManifest.xml:14:13-72
96            android:exported="false"
96-->[com.google.firebase:firebase-common:17.0.0] AndroidManifest.xml:15:13-37
97            android:initOrder="100" />
97-->[com.google.firebase:firebase-common:17.0.0] AndroidManifest.xml:16:13-36
98
99        <meta-data
99-->[com.google.android.gms:play-services-basement:17.0.0] AndroidManifest.xml:23:9-25:69
100            android:name="com.google.android.gms.version"
100-->[com.google.android.gms:play-services-basement:17.0.0] AndroidManifest.xml:24:13-58
101            android:value="@integer/google_play_services_version" /> <!-- The activities will be merged into the manifest of the hosting app. -->
101-->[com.google.android.gms:play-services-basement:17.0.0] AndroidManifest.xml:25:13-66
102        <activity
102-->[com.google.android.play:core:1.9.1] AndroidManifest.xml:12:5-271
103            android:name="com.google.android.play.core.missingsplits.PlayCoreMissingSplitsActivity"
103-->[com.google.android.play:core:1.9.1] AndroidManifest.xml:12:15-102
104            android:enabled="false"
104-->[com.google.android.play:core:1.9.1] AndroidManifest.xml:12:103-126
105            android:exported="false"
105-->[com.google.android.play:core:1.9.1] AndroidManifest.xml:12:127-151
106            android:launchMode="singleInstance"
106-->[com.google.android.play:core:1.9.1] AndroidManifest.xml:12:204-239
107            android:process=":playcore_missing_splits_activity"
107-->[com.google.android.play:core:1.9.1] AndroidManifest.xml:12:152-203
108            android:stateNotNeeded="true" />
108-->[com.google.android.play:core:1.9.1] AndroidManifest.xml:12:240-269
109        <activity
109-->[com.google.android.play:core:1.9.1] AndroidManifest.xml:13:5-226
110            android:name="com.google.android.play.core.common.PlayCoreDialogWrapperActivity"
110-->[com.google.android.play:core:1.9.1] AndroidManifest.xml:13:15-95
111            android:enabled="false"
111-->[com.google.android.play:core:1.9.1] AndroidManifest.xml:13:96-119
112            android:exported="false"
112-->[com.google.android.play:core:1.9.1] AndroidManifest.xml:13:120-144
113            android:stateNotNeeded="true"
113-->[com.google.android.play:core:1.9.1] AndroidManifest.xml:13:145-174
114            android:theme="@style/Theme.PlayCore.Transparent" /> <!-- The services will be merged into the manifest of the hosting app. -->
114-->[com.google.android.play:core:1.9.1] AndroidManifest.xml:13:175-224
115        <service
115-->[com.google.android.play:core:1.9.1] AndroidManifest.xml:16:5-18:15
116            android:name="com.google.android.play.core.assetpacks.AssetPackExtractionService"
116-->[com.google.android.play:core:1.9.1] AndroidManifest.xml:16:14-95
117            android:enabled="false"
117-->[com.google.android.play:core:1.9.1] AndroidManifest.xml:16:96-119
118            android:exported="true" >
118-->[com.google.android.play:core:1.9.1] AndroidManifest.xml:16:120-143
119            <meta-data
119-->[com.google.android.play:core:1.9.1] AndroidManifest.xml:17:7-108
120                android:name="com.google.android.play.core.assetpacks.versionCode"
120-->[com.google.android.play:core:1.9.1] AndroidManifest.xml:17:18-84
121                android:value="10901" />
121-->[com.google.android.play:core:1.9.1] AndroidManifest.xml:17:85-106
122        </service>
123        <service
123-->[com.google.android.play:core:1.9.1] AndroidManifest.xml:19:5-147
124            android:name="com.google.android.play.core.assetpacks.ExtractionForegroundService"
124-->[com.google.android.play:core:1.9.1] AndroidManifest.xml:19:14-96
125            android:enabled="false"
125-->[com.google.android.play:core:1.9.1] AndroidManifest.xml:19:97-120
126            android:exported="false" />
126-->[com.google.android.play:core:1.9.1] AndroidManifest.xml:19:121-145
127    </application>
128
129</manifest>